2022-03-30T11:06:59-03:00	INFO	uniswap/main.go:92	waiting tx to be mined: 0xc71ce9396f223d636de7e8c484bb5330b0c1b1a8e38071a0dc0e724c5944ff27
2022-03-30T11:07:04-03:00	INFO	uniswap/main.go:113	tx mined[SUCCESS]: 0xc71ce9396f223d636de7e8c484bb5330b0c1b1a8e38071a0dc0e724c5944ff27
2022-03-30T11:07:04-03:00	DEBUG	uniswap/main.go:125	A COIN SC tx: 0xc71ce9396f223d636de7e8c484bb5330b0c1b1a8e38071a0dc0e724c5944ff27
2022-03-30T11:07:04-03:00	DEBUG	uniswap/main.go:126	A COIN SC addr: 0x6E3Cb64eA34622279263d5147b8436d329254cc7

2022-03-30T11:07:06-03:00	INFO	uniswap/main.go:92	waiting tx to be mined: 0x2eff729443054d2b021a4b11c18d960844862418830280803541289bb371cd44
2022-03-30T11:07:34-03:00	INFO	uniswap/main.go:113	tx mined[SUCCESS]: 0x2eff729443054d2b021a4b11c18d960844862418830280803541289bb371cd44
2022-03-30T11:07:34-03:00	DEBUG	uniswap/main.go:125	B COIN SC tx: 0x2eff729443054d2b021a4b11c18d960844862418830280803541289bb371cd44
2022-03-30T11:07:34-03:00	DEBUG	uniswap/main.go:126	B COIN SC addr: 0xFd54078d74a32782Fc3bae22E6e2D1CB774624eb

2022-03-30T11:07:48-03:00	INFO	uniswap/main.go:92	waiting tx to be mined: 0x77b53eb496c0a9d2e7e73859a8b5f3c6e0df47ff37e6bbd4d6ad64f995e2ad0b
2022-03-30T11:08:34-03:00	INFO	uniswap/main.go:113	tx mined[SUCCESS]: 0x77b53eb496c0a9d2e7e73859a8b5f3c6e0df47ff37e6bbd4d6ad64f995e2ad0b
2022-03-30T11:08:34-03:00	DEBUG	uniswap/main.go:125	C COIN SC tx: 0x77b53eb496c0a9d2e7e73859a8b5f3c6e0df47ff37e6bbd4d6ad64f995e2ad0b
2022-03-30T11:08:34-03:00	DEBUG	uniswap/main.go:126	C COIN SC addr: 0x1e857C979496bA6eaf837376E1290Cb5EF28ECbd

2022-03-30T11:09:17-03:00	INFO	uniswap/main.go:92	waiting tx to be mined: 0x0daabfbd0c65316a2404db6d7d84d9ffa94e2f63a2b9858a50f8b8672f586c12
2022-03-30T11:09:21-03:00	INFO	uniswap/main.go:113	tx mined[SUCCESS]: 0x0daabfbd0c65316a2404db6d7d84d9ffa94e2f63a2b9858a50f8b8672f586c12
2022-03-30T11:09:22-03:00	DEBUG	uniswap/main.go:52	wEth SC tx: 0x0daabfbd0c65316a2404db6d7d84d9ffa94e2f63a2b9858a50f8b8672f586c12
2022-03-30T11:09:22-03:00	DEBUG	uniswap/main.go:53	wEth SC addr: 0x516bE52A96A3A47856F7C7A1B99960185f54C1e3

2022-03-30T11:09:34-03:00	INFO	uniswap/main.go:92	waiting tx to be mined: 0xae7606fa49c54387bb2b73e1dcf87d1368c9e69c997a623150828f036bc45a23
2022-03-30T11:09:49-03:00	INFO	uniswap/main.go:113	tx mined[SUCCESS]: 0xae7606fa49c54387bb2b73e1dcf87d1368c9e69c997a623150828f036bc45a23
2022-03-30T11:09:52-03:00	DEBUG	uniswap/main.go:59	Uniswap Factory SC tx: 0xae7606fa49c54387bb2b73e1dcf87d1368c9e69c997a623150828f036bc45a23
2022-03-30T11:09:52-03:00	DEBUG	uniswap/main.go:60	Uniswap Factory SC addr: 0xdDFDdF628775e877a3FC24dF4011B0390a456709

2022-03-30T11:09:58-03:00	INFO	uniswap/main.go:92	waiting tx to be mined: 0xdf6e1b1d6d358237f8ad25b673b4ddd8910b50f1bc9de6311f4b37430678c8b8
2022-03-30T11:10:03-03:00	INFO	uniswap/main.go:113	tx mined[SUCCESS]: 0xdf6e1b1d6d358237f8ad25b673b4ddd8910b50f1bc9de6311f4b37430678c8b8
2022-03-30T11:10:07-03:00	DEBUG	uniswap/main.go:64	Uniswap Pair A <-> B tx: 0xdf6e1b1d6d358237f8ad25b673b4ddd8910b50f1bc9de6311f4b37430678c8b8

2022-03-30T11:10:09-03:00	INFO	uniswap/main.go:92	waiting tx to be mined: 0xb1cde91cd7b242be55c4c55cb8a8461cf23a7f56773278cb18defcf1629eb33e
2022-03-30T11:10:35-03:00	INFO	uniswap/main.go:113	tx mined[SUCCESS]: 0xb1cde91cd7b242be55c4c55cb8a8461cf23a7f56773278cb18defcf1629eb33e
2022-03-30T11:10:37-03:00	DEBUG	uniswap/main.go:66	Uniswap Pair B <-> C tx: 0xb1cde91cd7b242be55c4c55cb8a8461cf23a7f56773278cb18defcf1629eb33e

2022-03-30T11:10:44-03:00	INFO	uniswap/main.go:92	waiting tx to be mined: 0xfe0520f97ba2e80e9e17eb8933e55d56bd118743b1358dd58f6a70960e35feb1
2022-03-30T11:10:53-03:00	INFO	uniswap/main.go:113	tx mined[SUCCESS]: 0xfe0520f97ba2e80e9e17eb8933e55d56bd118743b1358dd58f6a70960e35feb1
2022-03-30T11:10:56-03:00	DEBUG	uniswap/main.go:72	Uniswap Router SC tx: 0xfe0520f97ba2e80e9e17eb8933e55d56bd118743b1358dd58f6a70960e35feb1
2022-03-30T11:10:56-03:00	DEBUG	uniswap/main.go:73	Uniswap Router SC addr: 0xfc3658AD60a5f82cEC1d666BB16748B4093b4c3b